[2023-06-02 19:53:38,533: INFO: main:  Welcome to the custom log]
[2023-06-04 19:43:43,299: INFO: common: yaml file: config\config.yaml loaded successfully]
[2023-06-04 19:43:43,307: INFO: common: yaml file: params.yaml loaded successfully]
[2023-06-04 19:43:43,309: INFO: common: created directory at: artifacts]
[2023-06-04 19:43:43,311: INFO: common: created directory at: artifacts/data_ingestion]
[2023-06-04 19:45:21,010: INFO: common: yaml file: config\config.yaml loaded successfully]
[2023-06-04 19:45:21,013: INFO: common: yaml file: params.yaml loaded successfully]
[2023-06-04 19:45:21,016: INFO: common: created directory at: artifacts]
[2023-06-04 19:45:21,018: INFO: common: created directory at: artifacts/data_ingestion]
[2023-06-04 19:47:35,165: INFO: common: yaml file: config\config.yaml loaded successfully]
[2023-06-04 19:47:35,168: INFO: common: yaml file: params.yaml loaded successfully]
[2023-06-04 19:47:35,169: INFO: common: created directory at: artifacts]
[2023-06-04 19:47:35,170: INFO: common: created directory at: artifacts/data_ingestion]
[2023-06-04 19:47:58,932: INFO: common: yaml file: config\config.yaml loaded successfully]
[2023-06-04 19:47:58,937: INFO: common: yaml file: params.yaml loaded successfully]
[2023-06-04 19:47:58,938: INFO: common: created directory at: artifacts]
[2023-06-04 19:47:58,939: INFO: common: created directory at: artifacts/data_ingestion]
[2023-06-04 19:50:47,570: INFO: common: yaml file: config\config.yaml loaded successfully]
[2023-06-04 19:50:47,574: INFO: common: yaml file: params.yaml loaded successfully]
[2023-06-04 19:50:47,577: INFO: common: created directory at: artifacts]
[2023-06-04 19:50:47,578: INFO: common: created directory at: artifacts/data_ingestion]
[2023-06-04 19:57:25,441: INFO: common: yaml file: config\config.yaml loaded successfully]
[2023-06-04 19:57:25,444: INFO: common: yaml file: params.yaml loaded successfully]
[2023-06-04 19:57:25,447: INFO: common: created directory at: artifacts]
[2023-06-04 19:57:25,448: INFO: common: created directory at: artifacts/data_ingestion]
[2023-06-04 19:57:29,312: INFO: 2439462918: artifacts/data_ingestion/data.zip download! with following info: 
Connection: close
Content-Length: 7903594
Cache-Control: max-age=300
Content-Security-Policy: default-src 'none'; style-src 'unsafe-inline'; sandbox
Content-Type: application/zip
ETag: "dbc016a060da18070593b83afff580c9b300f0b6ea4147a7988433e04df246ca"
Strict-Transport-Security: max-age=31536000
X-Content-Type-Options: nosniff
X-Frame-Options: deny
X-XSS-Protection: 1; mode=block
X-GitHub-Request-Id: 75F0:0B53:5E45EE:6D7897:647C983C
Accept-Ranges: bytes
Date: Sun, 04 Jun 2023 13:57:27 GMT
Via: 1.1 varnish
X-Served-By: cache-qpg1242-QPG
X-Cache: MISS
X-Cache-Hits: 0
X-Timer: S1685887047.662759,VS0,VE506
Vary: Authorization,Accept-Encoding,Origin
Access-Control-Allow-Origin: *
X-Fastly-Request-ID: 553ca9603f2e817978f1baf51f2e1e27aac92240
Expires: Sun, 04 Jun 2023 14:02:27 GMT
Source-Age: 0

]
[2023-06-04 21:10:21,485: INFO: main: >>>>>> stage Data Ingestion stage started <<<<<<]
[2023-06-04 21:10:21,487: INFO: common: yaml file: config\config.yaml loaded successfully]
[2023-06-04 21:10:21,488: INFO: common: yaml file: params.yaml loaded successfully]
[2023-06-04 21:10:21,488: INFO: common: created directory at: artifacts]
[2023-06-04 21:10:21,489: INFO: common: created directory at: artifacts/data_ingestion]
[2023-06-04 21:10:24,584: INFO: data_ingestion: artifacts/data_ingestion/data.zip download! with following info: 
Connection: close
Content-Length: 7903594
Cache-Control: max-age=300
Content-Security-Policy: default-src 'none'; style-src 'unsafe-inline'; sandbox
Content-Type: application/zip
ETag: "dbc016a060da18070593b83afff580c9b300f0b6ea4147a7988433e04df246ca"
Strict-Transport-Security: max-age=31536000
X-Content-Type-Options: nosniff
X-Frame-Options: deny
X-XSS-Protection: 1; mode=block
X-GitHub-Request-Id: 7A8E:208B:9E8ACE:B71A18:647CA95E
Accept-Ranges: bytes
Date: Sun, 04 Jun 2023 15:10:23 GMT
Via: 1.1 varnish
X-Served-By: cache-qpg1223-QPG
X-Cache: MISS
X-Cache-Hits: 0
X-Timer: S1685891423.738073,VS0,VE734
Vary: Authorization,Accept-Encoding,Origin
Access-Control-Allow-Origin: *
X-Fastly-Request-ID: aff96ee7269c163cff0c6dfca37af8e72ccfb96c
Expires: Sun, 04 Jun 2023 15:15:23 GMT
Source-Age: 0

]
[2023-06-04 21:10:24,778: INFO: main: >>>>>> stage Data Ingestion stage completed <<<<<<

x==========x]
